Determining if the pthread_create exist failed with the following output:
Change Dir: /home/arad/gitProjects/blender/altBlender/build_linux/CMakeFiles/CMakeTmp

Run Build Command:/usr/bin/make "cmTryCompileExec3133767484/fast"
make[1]: Entering directory '/home/arad/gitProjects/blender/altBlender/build_linux/CMakeFiles/CMakeTmp'
/usr/bin/make -f CMakeFiles/cmTryCompileExec3133767484.dir/build.make CMakeFiles/cmTryCompileExec3133767484.dir/build
make[2]: Entering directory '/home/arad/gitProjects/blender/altBlender/build_linux/CMakeFiles/CMakeTmp'
/usr/bin/cmake -E cmake_progress_report /home/arad/gitProjects/blender/altBlender/build_linux/CMakeFiles/CMakeTmp/CMakeFiles 1
Building C object CMakeFiles/cmTryCompileExec3133767484.dir/CheckSymbolExists.c.o
/usr/bin/cc    -o CMakeFiles/cmTryCompileExec3133767484.dir/CheckSymbolExists.c.o   -c /home/arad/gitProjects/blender/altBlender/build_linux/CMakeFiles/CMakeTmp/CheckSymbolExists.c
Linking C executable cmTryCompileExec3133767484
/usr/bin/cmake -E cmake_link_script CMakeFiles/cmTryCompileExec3133767484.dir/link.txt --verbose=1
/usr/bin/cc       CMakeFiles/cmTryCompileExec3133767484.dir/CheckSymbolExists.c.o  -o cmTryCompileExec3133767484 -rdynamic 
CMakeFiles/cmTryCompileExec3133767484.dir/CheckSymbolExists.c.o: Funktiossa ”main”:
CheckSymbolExists.c:(.text+0x16): määrittelemätön viite kohteeseen ”pthread_create”
collect2: virhe: ld:n paluuarvo oli 1
CMakeFiles/cmTryCompileExec3133767484.dir/build.make:91: recipe for target 'cmTryCompileExec3133767484' failed
make[2]: Leaving directory '/home/arad/gitProjects/blender/altBlender/build_linux/CMakeFiles/CMakeTmp'
make[2]: *** [cmTryCompileExec3133767484] Error 1
Makefile:117: recipe for target 'cmTryCompileExec3133767484/fast' failed
make[1]: *** [cmTryCompileExec3133767484/fast] Error 2
make[1]: Leaving directory '/home/arad/gitProjects/blender/altBlender/build_linux/CMakeFiles/CMakeTmp'

File /home/arad/gitProjects/blender/altBlender/build_linux/CMakeFiles/CMakeTmp/CheckSymbolExists.c:
/* */
#include <pthread.h>

int main(int argc, char** argv)
{
  (void)argv;
#ifndef pthread_create
  return ((int*)(&pthread_create))[argc];
#else
  (void)argc;
  return 0;
#endif
}

Determining if the function pthread_create exists in the pthreads failed with the following output:
Change Dir: /home/arad/gitProjects/blender/altBlender/build_linux/CMakeFiles/CMakeTmp

Run Build Command:/usr/bin/make "cmTryCompileExec548189517/fast"
make[1]: Entering directory '/home/arad/gitProjects/blender/altBlender/build_linux/CMakeFiles/CMakeTmp'
/usr/bin/make -f CMakeFiles/cmTryCompileExec548189517.dir/build.make CMakeFiles/cmTryCompileExec548189517.dir/build
make[2]: Entering directory '/home/arad/gitProjects/blender/altBlender/build_linux/CMakeFiles/CMakeTmp'
/usr/bin/cmake -E cmake_progress_report /home/arad/gitProjects/blender/altBlender/build_linux/CMakeFiles/CMakeTmp/CMakeFiles 1
Building C object CMakeFiles/cmTryCompileExec548189517.dir/CheckFunctionExists.c.o
/usr/bin/cc   -DCHECK_FUNCTION_EXISTS=pthread_create   -o CMakeFiles/cmTryCompileExec548189517.dir/CheckFunctionExists.c.o   -c /usr/share/cmake-2.8/Modules/CheckFunctionExists.c
Linking C executable cmTryCompileExec548189517
/usr/bin/cmake -E cmake_link_script CMakeFiles/cmTryCompileExec548189517.dir/link.txt --verbose=1
/usr/bin/cc   -DCHECK_FUNCTION_EXISTS=pthread_create    CMakeFiles/cmTryCompileExec548189517.dir/CheckFunctionExists.c.o  -o cmTryCompileExec548189517 -rdynamic -lpthreads 
/usr/bin/ld: ei löydy kohdetta -lpthreads
collect2: virhe: ld:n paluuarvo oli 1
CMakeFiles/cmTryCompileExec548189517.dir/build.make:91: recipe for target 'cmTryCompileExec548189517' failed
make[2]: Leaving directory '/home/arad/gitProjects/blender/altBlender/build_linux/CMakeFiles/CMakeTmp'
make[2]: *** [cmTryCompileExec548189517] Error 1
Makefile:117: recipe for target 'cmTryCompileExec548189517/fast' failed
make[1]: Leaving directory '/home/arad/gitProjects/blender/altBlender/build_linux/CMakeFiles/CMakeTmp'
make[1]: *** [cmTryCompileExec548189517/fast] Error 2


Determining if the system is big endian passed with the following output:
Change Dir: /home/arad/gitProjects/blender/altBlender/build_linux/CMakeFiles/CMakeTmp

Run Build Command:/usr/bin/make "cmTryCompileExec3575903638/fast"
make[1]: Entering directory '/home/arad/gitProjects/blender/altBlender/build_linux/CMakeFiles/CMakeTmp'
/usr/bin/make -f CMakeFiles/cmTryCompileExec3575903638.dir/build.make CMakeFiles/cmTryCompileExec3575903638.dir/build
make[2]: Entering directory '/home/arad/gitProjects/blender/altBlender/build_linux/CMakeFiles/CMakeTmp'
/usr/bin/cmake -E cmake_progress_report /home/arad/gitProjects/blender/altBlender/build_linux/CMakeFiles/CMakeTmp/CMakeFiles 1
Building C object CMakeFiles/cmTryCompileExec3575903638.dir/TestEndianess.c.o
/usr/bin/cc    -o CMakeFiles/cmTryCompileExec3575903638.dir/TestEndianess.c.o   -c /home/arad/gitProjects/blender/altBlender/build_linux/CMakeFiles/CMakeTmp/TestEndianess.c
Linking C executable cmTryCompileExec3575903638
/usr/bin/cmake -E cmake_link_script CMakeFiles/cmTryCompileExec3575903638.dir/link.txt --verbose=1
/usr/bin/cc       CMakeFiles/cmTryCompileExec3575903638.dir/TestEndianess.c.o  -o cmTryCompileExec3575903638 -rdynamic 
make[2]: Leaving directory '/home/arad/gitProjects/blender/altBlender/build_linux/CMakeFiles/CMakeTmp'
make[1]: Leaving directory '/home/arad/gitProjects/blender/altBlender/build_linux/CMakeFiles/CMakeTmp'

TestEndianess.c:
/* A 16 bit integer is required. */
typedef unsigned short cmakeint16;

/* On a little endian machine, these 16bit ints will give "THIS IS LITTLE ENDIAN."
   On a big endian machine the characters will be exchanged pairwise. */
const cmakeint16 info_little[] =  {0x4854, 0x5349, 0x4920, 0x2053, 0x494c, 0x5454, 0x454c, 0x4520, 0x444e, 0x4149, 0x2e4e, 0x0000};

/* on a big endian machine, these 16bit ints will give "THIS IS BIG ENDIAN."
   On a little endian machine the characters will be exchanged pairwise. */
const cmakeint16 info_big[] =     {0x5448, 0x4953, 0x2049, 0x5320, 0x4249, 0x4720, 0x454e, 0x4449, 0x414e, 0x2e2e, 0x0000};

#ifdef __CLASSIC_C__
int main(argc, argv) int argc; char *argv[];
#else
int main(int argc, char *argv[])
#endif
{
  int require = 0;
  require += info_little[argc];
  require += info_big[argc];
  (void)argv;
  return require;
}


Determining if the include file unordered_map exists failed with the following output:
Change Dir: /home/arad/gitProjects/blender/altBlender/build_linux/CMakeFiles/CMakeTmp

Run Build Command:/usr/bin/make "cmTryCompileExec459646369/fast"
make[1]: Entering directory '/home/arad/gitProjects/blender/altBlender/build_linux/CMakeFiles/CMakeTmp'
/usr/bin/make -f CMakeFiles/cmTryCompileExec459646369.dir/build.make CMakeFiles/cmTryCompileExec459646369.dir/build
make[2]: Entering directory '/home/arad/gitProjects/blender/altBlender/build_linux/CMakeFiles/CMakeTmp'
/usr/bin/cmake -E cmake_progress_report /home/arad/gitProjects/blender/altBlender/build_linux/CMakeFiles/CMakeTmp/CMakeFiles 1
Building CXX object CMakeFiles/cmTryCompileExec459646369.dir/CheckIncludeFile.cxx.o
/usr/bin/c++    -Wall -Wno-invalid-offsetof -Wno-sign-compare -Wlogical-op -Winit-self -Wmissing-include-dirs -Wno-div-by-zero -Wtype-limits -Wuninitialized  -Wmissing-declarations  -fopenmp  -msse2  -msse -pipe -fPIC -funsigned-char -fno-strict-aliasing  -Wno-deprecated-declarations -Wno-unused-parameter -Wno-error=unused-but-set-variable    -o CMakeFiles/cmTryCompileExec459646369.dir/CheckIncludeFile.cxx.o -c /home/arad/gitProjects/blender/altBlender/build_linux/CMakeFiles/CMakeTmp/CheckIncludeFile.cxx
In file included from /usr/include/c++/4.9.0/unordered_map:35:0,
                 from /home/arad/gitProjects/blender/altBlender/build_linux/CMakeFiles/CMakeTmp/CheckIncludeFile.cxx:1:
/usr/include/c++/4.9.0/bits/c++0x_warning.h:32:2: virhe: #error This file requires compiler and library support for the ISO C++ 2011 standard. This support is currently experimental, and must be enabled with the -std=c++11 or -std=gnu++11 compiler options.
 #error This file requires compiler and library support for the \
  ^
CMakeFiles/cmTryCompileExec459646369.dir/build.make:60: recipe for target 'CMakeFiles/cmTryCompileExec459646369.dir/CheckIncludeFile.cxx.o' failed
make[2]: Leaving directory '/home/arad/gitProjects/blender/altBlender/build_linux/CMakeFiles/CMakeTmp'
make[2]: *** [CMakeFiles/cmTryCompileExec459646369.dir/CheckIncludeFile.cxx.o] Error 1
Makefile:117: recipe for target 'cmTryCompileExec459646369/fast' failed
make[1]: Leaving directory '/home/arad/gitProjects/blender/altBlender/build_linux/CMakeFiles/CMakeTmp'
make[1]: *** [cmTryCompileExec459646369/fast] Error 2


